[13:39:54.428] Global cache location '/home/sonng9800/snap/emacs/common/.cache/typescript/3.9', safe file path '/usr/local/lib/node_modules/typescript/lib/typingSafeList.json', types map path /usr/local/lib/node_modules/typescript/lib/typesMap.json
[13:39:54.429] Processing cache location '/home/sonng9800/snap/emacs/common/.cache/typescript/3.9'
[13:39:54.429] Trying to find '/home/sonng9800/snap/emacs/common/.cache/typescript/3.9/package.json'...
[13:39:54.452] Loaded content of '/home/sonng9800/snap/emacs/common/.cache/typescript/3.9/package.json': {"private":true,"dependencies":{"types-registry":"^0.1.491"},"devDependencies":{"@types/bcrypt":"^3.0.0","@types/mongodb":"^3.5.18","@types/mongoose":"^5.7.20","@types/nopt":"^3.0.29","@types/npmlog":"^4.1.2","@types/object-assign":"^4.0.30","@types/react":"^16.9.35"}}
[13:39:54.452] Loaded content of '/home/sonng9800/snap/emacs/common/.cache/typescript/3.9/package-lock.json'
[13:39:54.485] Adding entry into typings cache: 'bcrypt' => '/home/sonng9800/snap/emacs/common/.cache/typescript/3.9/node_modules/@types/bcrypt/index.d.ts'
[13:39:54.489] Adding entry into typings cache: 'mongodb' => '/home/sonng9800/snap/emacs/common/.cache/typescript/3.9/node_modules/@types/mongodb/index.d.ts'
[13:39:54.500] Adding entry into typings cache: 'mongoose' => '/home/sonng9800/snap/emacs/common/.cache/typescript/3.9/node_modules/@types/mongoose/index.d.ts'
[13:39:54.522] Adding entry into typings cache: 'nopt' => '/home/sonng9800/snap/emacs/common/.cache/typescript/3.9/node_modules/@types/nopt/index.d.ts'
[13:39:54.533] Adding entry into typings cache: 'npmlog' => '/home/sonng9800/snap/emacs/common/.cache/typescript/3.9/node_modules/@types/npmlog/index.d.ts'
[13:39:54.546] Adding entry into typings cache: 'object-assign' => '/home/sonng9800/snap/emacs/common/.cache/typescript/3.9/node_modules/@types/object-assign/index.d.ts'
[13:39:54.551] Adding entry into typings cache: 'react' => '/home/sonng9800/snap/emacs/common/.cache/typescript/3.9/node_modules/@types/react/index.d.ts'
[13:39:54.551] Finished processing cache location '/home/sonng9800/snap/emacs/common/.cache/typescript/3.9'
[13:39:54.551] Process id: 18885
[13:39:54.551] NPM location: /usr/local/bin/npm (explicit '--npmLocation' not  provided)
[13:39:54.552] validateDefaultNpmLocation: false
[13:39:54.552] Npm config file: /home/sonng9800/snap/emacs/common/.cache/typescript/3.9/package.json
[13:39:54.552] Updating types-registry npm package...
[13:39:54.552] Exec: /usr/local/bin/npm install --ignore-scripts types-registry@latest
[13:40:0.852]     Succeeded. stdout:
    + types-registry@0.1.492
    updated 1 package and audited 12 packages in 5.559s
found 0 vulnerabilities


[13:40:0.853] Updated types-registry npm package
